<?xml version="1.0" encoding="UTF-8"?>
<!-- Generated by org.testng.reporters.JUnitReportReporter -->
<testsuite hostname="sanket" failures="0" tests="4" name="test.LoginTest" time="12.674" errors="0" timestamp="2024-08-29T13:34:38 IST" skipped="0">
  <testcase classname="test.LoginTest" name="loginandCheckErrormessage" time="2.647"/>
  <system-out/>
  <testcase classname="test.LoginTest" name="checkUrl" time="3.878"/>
  <system-out/>
  <testcase classname="test.LoginTest" name="loginandCheckErrormessage" time="2.980"/>
  <system-out/>
  <testcase classname="test.LoginTest" name="loginandCheckErrormessage" time="3.169"/>
  <system-out/>
</testsuite> <!-- test.LoginTest -->
