<?xml version="1.0" encoding="UTF-8"?>
<!-- Generated by org.testng.reporters.JUnitReportReporter -->
<testsuite hostname="sanket" failures="0" tests="4" name="test.LoginTest" time="12.833" errors="0" timestamp="2024-08-29T14:27:21 IST" skipped="0">
  <testcase classname="test.LoginTest" name="loginandCheckErrormessage" time="3.222"/>
  <system-out/>
  <testcase classname="test.LoginTest" name="loginandCheckErrormessage" time="3.200"/>
  <system-out/>
  <testcase classname="test.LoginTest" name="loginandCheckErrormessage" time="3.189"/>
  <system-out/>
  <testcase classname="test.LoginTest" name="checkUrl" time="3.222"/>
  <system-out/>
</testsuite> <!-- test.LoginTest -->
